<?xml version="1.0" encoding="UTF-8"?>
<testsuite name="com.ceiba.demo.adapter.MovieUnitTest" tests="1" skipped="0" failures="0" errors="0" timestamp="2020-04-05T23:52:14" hostname="LMCEPC121KMR" time="0.552">
  <properties/>
  <testcase name="updateMovieTest" classname="com.ceiba.demo.adapter.MovieUnitTest" time="0.552"/>
  <system-out><![CDATA[18:52:02.765 [Test worker] DEBUG org.springframework.test.context.junit4.SpringJUnit4ClassRunner - SpringJUnit4ClassRunner constructor called with [class com.ceiba.demo.adapter.MovieUnitTest]
18:52:02.781 [Test worker] DEBUG org.springframework.test.context.BootstrapUtils - Instantiating CacheAwareContextLoaderDelegate from class [org.springframework.test.context.cache.DefaultCacheAwareContextLoaderDelegate]
18:52:02.805 [Test worker] DEBUG org.springframework.test.context.BootstrapUtils - Instantiating BootstrapContext using constructor [public org.springframework.test.context.support.DefaultBootstrapContext(java.lang.Class,org.springframework.test.context.CacheAwareContextLoaderDelegate)]
18:52:02.858 [Test worker] DEBUG org.springframework.test.context.BootstrapUtils - Instantiating TestContextBootstrapper for test class [com.ceiba.demo.adapter.MovieUnitTest] from class [org.springframework.boot.test.context.SpringBootTestContextBootstrapper]
18:52:02.882 [Test worker] INFO org.springframework.boot.test.context.SpringBootTestContextBootstrapper - Neither @ContextConfiguration nor @ContextHierarchy found for test class [com.ceiba.demo.adapter.MovieUnitTest], using SpringBootContextLoader
18:52:02.892 [Test worker] DEBUG org.springframework.test.context.support.AbstractContextLoader - Did not detect default resource location for test class [com.ceiba.demo.adapter.MovieUnitTest]: class path resource [com/ceiba/demo/adapter/MovieUnitTest-context.xml] does not exist
18:52:02.893 [Test worker] DEBUG org.springframework.test.context.support.AbstractContextLoader - Did not detect default resource location for test class [com.ceiba.demo.adapter.MovieUnitTest]: class path resource [com/ceiba/demo/adapter/MovieUnitTestContext.groovy] does not exist
18:52:02.893 [Test worker] INFO org.springframework.test.context.support.AbstractContextLoader - Could not detect default resource locations for test class [com.ceiba.demo.adapter.MovieUnitTest]: no resource found for suffixes {-context.xml, Context.groovy}.
18:52:02.895 [Test worker] INFO org.springframework.test.context.support.AnnotationConfigContextLoaderUtils - Could not detect default configuration classes for test class [com.ceiba.demo.adapter.MovieUnitTest]: MovieUnitTest does not declare any static, non-private, non-final, nested classes annotated with @Configuration.
18:52:02.997 [Test worker] DEBUG org.springframework.test.context.support.ActiveProfilesUtils - Could not find an 'annotation declaring class' for annotation type [org.springframework.test.context.ActiveProfiles] and class [com.ceiba.demo.adapter.MovieUnitTest]
18:52:03.195 [Test worker] DEBUG org.springframework.context.annotation.ClassPathScanningCandidateComponentProvider - Identified candidate component class: file [D:\dev\projects\demo_multiproject_hexagonal_netflix\back\back-demo-hexagonal-multiproject-netflix\cinema\infrastructure\build\classes\java\main\com\ceiba\demo\Application.class]
18:52:03.197 [Test worker] INFO org.springframework.boot.test.context.SpringBootTestContextBootstrapper - Found @SpringBootConfiguration com.ceiba.demo.Application for test class com.ceiba.demo.adapter.MovieUnitTest
18:52:03.512 [Test worker] DEBUG org.springframework.boot.test.context.SpringBootTestContextBootstrapper - @TestExecutionListeners is not present for class [com.ceiba.demo.adapter.MovieUnitTest]: using defaults.
18:52:03.514 [Test worker] INFO org.springframework.boot.test.context.SpringBootTestContextBootstrapper - Loaded default TestExecutionListener class names from location [META-INF/spring.factories]: [org.springframework.boot.test.autoconfigure.restdocs.RestDocsTestExecutionListener, org.springframework.boot.test.autoconfigure.web.client.MockRestServiceServerResetTestExecutionListener, org.springframework.boot.test.autoconfigure.web.servlet.MockMvcPrintOnlyOnFailureTestExecutionListener, org.springframework.boot.test.autoconfigure.web.servlet.WebDriverTestExecutionListener, org.springframework.boot.test.mock.mockito.MockitoTestExecutionListener, org.springframework.boot.test.mock.mockito.ResetMocksTestExecutionListener, org.springframework.test.context.web.ServletTestExecutionListener, org.springframework.test.context.support.DirtiesContextBeforeModesTestExecutionListener, org.springframework.test.context.support.DependencyInjectionTestExecutionListener, org.springframework.test.context.support.DirtiesContextTestExecutionListener, org.springframework.test.context.transaction.TransactionalTestExecutionListener, org.springframework.test.context.jdbc.SqlScriptsTestExecutionListener]
18:52:03.572 [Test worker] INFO org.springframework.boot.test.context.SpringBootTestContextBootstrapper - Using TestExecutionListeners: [org.springframework.test.context.web.ServletTestExecutionListener@7aa80089, org.springframework.test.context.support.DirtiesContextBeforeModesTestExecutionListener@59845e1f, org.springframework.boot.test.mock.mockito.MockitoTestExecutionListener@57bbb7d2, org.springframework.boot.test.autoconfigure.SpringBootDependencyInjectionTestExecutionListener@7e269094, org.springframework.test.context.support.DirtiesContextTestExecutionListener@44307b91, org.springframework.test.context.transaction.TransactionalTestExecutionListener@3f3fb1ae, org.springframework.test.context.jdbc.SqlScriptsTestExecutionListener@353084bc, org.springframework.boot.test.autoconfigure.restdocs.RestDocsTestExecutionListener@7fd800be, org.springframework.boot.test.autoconfigure.web.client.MockRestServiceServerResetTestExecutionListener@38730027, org.springframework.boot.test.autoconfigure.web.servlet.MockMvcPrintOnlyOnFailureTestExecutionListener@7a836446, org.springframework.boot.test.autoconfigure.web.servlet.WebDriverTestExecutionListener@4ba70ace, org.springframework.boot.test.mock.mockito.ResetMocksTestExecutionListener@74453ef4]
18:52:03.579 [Test worker] DEBUG org.springframework.test.annotation.ProfileValueUtils - Retrieved @ProfileValueSourceConfiguration [null] for test class [com.ceiba.demo.adapter.MovieUnitTest]
18:52:03.580 [Test worker] DEBUG org.springframework.test.annotation.ProfileValueUtils - Retrieved ProfileValueSource type [class org.springframework.test.annotation.SystemProfileValueSource] for class [com.ceiba.demo.adapter.MovieUnitTest]
18:52:03.581 [Test worker] DEBUG org.springframework.test.annotation.ProfileValueUtils - Retrieved @ProfileValueSourceConfiguration [null] for test class [com.ceiba.demo.adapter.MovieUnitTest]
18:52:03.581 [Test worker] DEBUG org.springframework.test.annotation.ProfileValueUtils - Retrieved ProfileValueSource type [class org.springframework.test.annotation.SystemProfileValueSource] for class [com.ceiba.demo.adapter.MovieUnitTest]
18:52:03.594 [Test worker] DEBUG org.springframework.test.context.support.AbstractDirtiesContextTestExecutionListener - Before test class: context [DefaultTestContext@77c00b5f testClass = MovieUnitTest, testInstance = [null], testMethod = [null], testException = [null], mergedContextConfiguration = [WebMergedContextConfiguration@4a47ad30 testClass = MovieUnitTest, locations = '{}', classes = '{class com.ceiba.demo.Application}', contextInitializerClasses = '[]', activeProfiles = '{}', propertySourceLocations = '{}', propertySourceProperties = '{org.springframework.boot.test.context.SpringBootTestContextBootstrapper=true}', contextCustomizers = set[org.springframework.boot.test.autoconfigure.properties.PropertyMappingContextCustomizer@0, org.springframework.boot.test.autoconfigure.web.servlet.WebDriverContextCustomizerFactory$Customizer@38391e84, org.springframework.boot.test.context.filter.ExcludeFilterContextCustomizer@2e5c4ae6, org.springframework.boot.test.json.DuplicateJsonObjectContextCustomizerFactory$DuplicateJsonObjectContextCustomizer@8d2a0ee, org.springframework.boot.test.mock.mockito.MockitoContextCustomizer@0, org.springframework.boot.test.web.client.TestRestTemplateContextCustomizer@3b7e95fd], resourceBasePath = 'src/main/webapp', contextLoader = 'org.springframework.boot.test.context.SpringBootContextLoader', parent = [null]], attributes = map['org.springframework.test.context.web.ServletTestExecutionListener.activateListener' -> true]], class annotated with @DirtiesContext [false] with mode [null].
18:52:03.596 [Test worker] DEBUG org.springframework.test.annotation.ProfileValueUtils - Retrieved @ProfileValueSourceConfiguration [null] for test class [com.ceiba.demo.adapter.MovieUnitTest]
18:52:03.597 [Test worker] DEBUG org.springframework.test.annotation.ProfileValueUtils - Retrieved ProfileValueSource type [class org.springframework.test.annotation.SystemProfileValueSource] for class [com.ceiba.demo.adapter.MovieUnitTest]
18:52:03.669 [Test worker] DEBUG org.springframework.test.context.support.TestPropertySourceUtils - Adding inlined properties to environment: {spring.jmx.enabled=false, org.springframework.boot.test.context.SpringBootTestContextBootstrapper=true, server.port=-1}
2020-04-05 18:52:05.098  INFO 14628 --- [    Test worker] trationDelegate$BeanPostProcessorChecker : Bean 'org.springframework.cloud.autoconfigure.ConfigurationPropertiesRebinderAutoConfiguration' of type [org.springframework.cloud.autoconfigure.ConfigurationPropertiesRebinderAutoConfiguration$$EnhancerBySpringCGLIB$$f1655ba4] is not eligible for getting processed by all BeanPostProcessors (for example: not eligible for auto-proxying)

  .   ____          _            __ _ _
 /\\ / ___'_ __ _ _(_)_ __  __ _ \ \ \ \
( ( )\___ | '_ | '_| | '_ \/ _` | \ \ \ \
 \\/  ___)| |_)| | | | | || (_| |  ) ) ) )
  '  |____| .__|_| |_|_| |_\__, | / / / /
 =========|_|==============|___/=/_/_/_/
 :: Spring Boot ::        (v2.1.4.RELEASE)

2020-04-05 18:52:06.920  INFO 14628 --- [    Test worker] com.ceiba.demo.adapter.MovieUnitTest     : No active profile set, falling back to default profiles: default
2020-04-05 18:52:07.719  INFO 14628 --- [    Test worker] .s.d.r.c.RepositoryConfigurationDelegate : Bootstrapping Spring Data repositories in DEFAULT mode.
2020-04-05 18:52:07.762  INFO 14628 --- [    Test worker] .s.d.r.c.RepositoryConfigurationDelegate : Finished Spring Data repository scanning in 26ms. Found 0 repository interfaces.
2020-04-05 18:52:08.272  INFO 14628 --- [    Test worker] o.s.cloud.context.scope.GenericScope     : BeanFactory id=e17ab2b5-51c9-3b23-a71f-241a04d205bc
2020-04-05 18:52:08.497  INFO 14628 --- [    Test worker] trationDelegate$BeanPostProcessorChecker : Bean 'org.springframework.transaction.annotation.ProxyTransactionManagementConfiguration' of type [org.springframework.transaction.annotation.ProxyTransactionManagementConfiguration$$EnhancerBySpringCGLIB$$d54b58a7] is not eligible for getting processed by all BeanPostProcessors (for example: not eligible for auto-proxying)
2020-04-05 18:52:08.564  INFO 14628 --- [    Test worker] trationDelegate$BeanPostProcessorChecker : Bean 'org.springframework.cloud.autoconfigure.ConfigurationPropertiesRebinderAutoConfiguration' of type [org.springframework.cloud.autoconfigure.ConfigurationPropertiesRebinderAutoConfiguration$$EnhancerBySpringCGLIB$$f1655ba4] is not eligible for getting processed by all BeanPostProcessors (for example: not eligible for auto-proxying)
2020-04-05 18:52:09.009  INFO 14628 --- [    Test worker] com.zaxxer.hikari.HikariDataSource       : HikariPool-1 - Starting...
2020-04-05 18:52:09.508  INFO 14628 --- [    Test worker] com.zaxxer.hikari.HikariDataSource       : HikariPool-1 - Start completed.
2020-04-05 18:52:09.687  INFO 14628 --- [    Test worker] o.hibernate.jpa.internal.util.LogHelper  : HHH000204: Processing PersistenceUnitInfo [
	name: default
	...]
2020-04-05 18:52:09.807  INFO 14628 --- [    Test worker] org.hibernate.Version                    : HHH000412: Hibernate Core {5.3.9.Final}
2020-04-05 18:52:09.810  INFO 14628 --- [    Test worker] org.hibernate.cfg.Environment            : HHH000206: hibernate.properties not found
2020-04-05 18:52:10.121  INFO 14628 --- [    Test worker] o.hibernate.annotations.common.Version   : HCANN000001: Hibernate Commons Annotations {5.0.4.Final}
2020-04-05 18:52:10.465  INFO 14628 --- [    Test worker] org.hibernate.dialect.Dialect            : HHH000400: Using dialect: org.hibernate.dialect.H2Dialect
2020-04-05 18:52:10.985  INFO 14628 --- [    Test worker] o.h.t.schema.internal.SchemaCreatorImpl  : HHH000476: Executing import script 'org.hibernate.tool.schema.internal.exec.ScriptSourceInputNonExistentImpl@7780c9d3'
2020-04-05 18:52:10.993  INFO 14628 --- [    Test worker] j.LocalContainerEntityManagerFactoryBean : Initialized JPA EntityManagerFactory for persistence unit 'default'
2020-04-05 18:52:11.709  WARN 14628 --- [    Test worker] o.s.c.n.a.ArchaiusAutoConfiguration      : No spring.application.name found, defaulting to 'application'
2020-04-05 18:52:11.716  WARN 14628 --- [    Test worker] c.n.c.sources.URLConfigurationSource     : No URLs will be polled as dynamic configuration sources.
2020-04-05 18:52:11.717  INFO 14628 --- [    Test worker] c.n.c.sources.URLConfigurationSource     : To enable URLs as dynamic configuration sources, define System property archaius.configurationSource.additionalUrls or make config.properties available on classpath.
2020-04-05 18:52:11.728  WARN 14628 --- [    Test worker] c.n.c.sources.URLConfigurationSource     : No URLs will be polled as dynamic configuration sources.
2020-04-05 18:52:11.729  INFO 14628 --- [    Test worker] c.n.c.sources.URLConfigurationSource     : To enable URLs as dynamic configuration sources, define System property archaius.configurationSource.additionalUrls or make config.properties available on classpath.
2020-04-05 18:52:12.362  INFO 14628 --- [    Test worker] o.s.s.concurrent.ThreadPoolTaskExecutor  : Initializing ExecutorService 'applicationTaskExecutor'
2020-04-05 18:52:12.465  WARN 14628 --- [    Test worker] aWebConfiguration$JpaWebMvcConfiguration : spring.jpa.open-in-view is enabled by default. Therefore, database queries may be performed during view rendering. Explicitly configure spring.jpa.open-in-view to disable this warning
2020-04-05 18:52:13.970  INFO 14628 --- [    Test worker] com.ceiba.demo.adapter.MovieUnitTest     : Started MovieUnitTest in 10.279 seconds (JVM running for 12.882)
2020-04-05 18:52:14.149  INFO 14628 --- [    Test worker] o.s.t.c.transaction.TransactionContext   : Began transaction (1) for test context [DefaultTestContext@77c00b5f testClass = MovieUnitTest, testInstance = com.ceiba.demo.adapter.MovieUnitTest@78fc0926, testMethod = updateMovieTest@MovieUnitTest, testException = [null], mergedContextConfiguration = [WebMergedContextConfiguration@4a47ad30 testClass = MovieUnitTest, locations = '{}', classes = '{class com.ceiba.demo.Application}', contextInitializerClasses = '[]', activeProfiles = '{}', propertySourceLocations = '{}', propertySourceProperties = '{org.springframework.boot.test.context.SpringBootTestContextBootstrapper=true}', contextCustomizers = set[org.springframework.boot.test.autoconfigure.properties.PropertyMappingContextCustomizer@0, org.springframework.boot.test.autoconfigure.web.servlet.WebDriverContextCustomizerFactory$Customizer@38391e84, org.springframework.boot.test.context.filter.ExcludeFilterContextCustomizer@2e5c4ae6, org.springframework.boot.test.json.DuplicateJsonObjectContextCustomizerFactory$DuplicateJsonObjectContextCustomizer@8d2a0ee, org.springframework.boot.test.mock.mockito.MockitoContextCustomizer@0, org.springframework.boot.test.web.client.TestRestTemplateContextCustomizer@3b7e95fd], resourceBasePath = 'src/main/webapp', contextLoader = 'org.springframework.boot.test.context.SpringBootContextLoader', parent = [null]], attributes = map['org.springframework.test.context.web.ServletTestExecutionListener.activateListener' -> true, 'org.springframework.test.context.web.ServletTestExecutionListener.populatedRequestContextHolder' -> true, 'org.springframework.test.context.web.ServletTestExecutionListener.resetRequestContextHolder' -> true]]; transaction manager [org.springframework.orm.jpa.JpaTransactionManager@1ce1a9c6]; rollback [true]
2020-04-05 18:52:14.555  INFO 14628 --- [    Test worker] o.s.t.c.transaction.TransactionContext   : Rolled back transaction for test: [DefaultTestContext@77c00b5f testClass = MovieUnitTest, testInstance = com.ceiba.demo.adapter.MovieUnitTest@78fc0926, testMethod = updateMovieTest@MovieUnitTest, testException = [null], mergedContextConfiguration = [WebMergedContextConfiguration@4a47ad30 testClass = MovieUnitTest, locations = '{}', classes = '{class com.ceiba.demo.Application}', contextInitializerClasses = '[]', activeProfiles = '{}', propertySourceLocations = '{}', propertySourceProperties = '{org.springframework.boot.test.context.SpringBootTestContextBootstrapper=true}', contextCustomizers = set[org.springframework.boot.test.autoconfigure.properties.PropertyMappingContextCustomizer@0, org.springframework.boot.test.autoconfigure.web.servlet.WebDriverContextCustomizerFactory$Customizer@38391e84, org.springframework.boot.test.context.filter.ExcludeFilterContextCustomizer@2e5c4ae6, org.springframework.boot.test.json.DuplicateJsonObjectContextCustomizerFactory$DuplicateJsonObjectContextCustomizer@8d2a0ee, org.springframework.boot.test.mock.mockito.MockitoContextCustomizer@0, org.springframework.boot.test.web.client.TestRestTemplateContextCustomizer@3b7e95fd], resourceBasePath = 'src/main/webapp', contextLoader = 'org.springframework.boot.test.context.SpringBootContextLoader', parent = [null]], attributes = map['org.springframework.test.context.web.ServletTestExecutionListener.activateListener' -> true, 'org.springframework.test.context.web.ServletTestExecutionListener.populatedRequestContextHolder' -> true, 'org.springframework.test.context.web.ServletTestExecutionListener.resetRequestContextHolder' -> true]]
]]></system-out>
  <system-err><![CDATA[]]></system-err>
</testsuite>
